2021-07-19 15:21:44,290:INFO:Vista = /partner/get
2021-07-19 15:21:44,292:INFO:Se obtuvo {'cliente': {'rut': '212121-9'}}
2021-07-19 15:21:45,289:INFO:Se retorno [{'id': 12241, 'name': 'Don Amar', 'phone': '555666777888', 'email': 'donAmar@gmail.com', 'rut': '212121-9'}]
2021-07-19 15:21:45,292:INFO:127.0.0.1 - - [19/Jul/2021 15:21:45] "GET /partner/get HTTP/1.1" 200 -
2021-07-19 15:28:31,790:INFO: * Detected change in '/home/braulio/Documentos/tarea/task4/api.py', reloading
2021-07-19 15:28:31,925:INFO: * Restarting with stat
2021-07-19 15:28:32,393:WARNING: * Debugger is active!
2021-07-19 15:28:32,395:INFO: * Debugger PIN: 846-807-726
2021-07-19 15:32:14,153:INFO: * Detected change in '/home/braulio/Documentos/tarea/task4/api.py', reloading
2021-07-19 15:32:14,241:INFO: * Restarting with stat
2021-07-19 15:32:14,816:WARNING: * Debugger is active!
2021-07-19 15:32:14,818:INFO: * Debugger PIN: 846-807-726
2021-07-19 15:34:16,786:INFO: * Detected change in '/home/braulio/Documentos/tarea/task4/api.py', reloading
2021-07-19 15:34:16,894:INFO: * Restarting with stat
2021-07-19 15:34:17,419:WARNING: * Debugger is active!
2021-07-19 15:34:17,421:INFO: * Debugger PIN: 846-807-726
2021-07-19 16:18:07,726:INFO: * Detected change in '/home/braulio/Documentos/tarea/task4/api.py', reloading
2021-07-19 16:18:07,847:INFO: * Restarting with stat
2021-07-19 16:18:09,203:WARNING: * Debugger is active!
2021-07-19 16:18:09,206:INFO: * Debugger PIN: 846-807-726
